<?xml version="1.0" encoding="UTF-8"?>
<!-- Generated by org.testng.reporters.JUnitXMLReporter -->
<testsuite ignored="0" hostname="DESKTOP-6QSLMCT" failures="0" tests="5" name="OpencartTest" time="74.064" errors="0" timestamp="2023-09-14T16:00:38 IST">
  <testcase classname="testCases.TC_001_AccountRegistrationTest" name="test_account_Registration" time="5.555"/>
  <testcase classname="testCases.TC_002_LoginTest" name="test_login" time="2.283"/>
  <testcase classname="testCases.TC_004_SearchProductTest" name="test_pruductSearch" time="1.305"/>
  <testcase classname="testCases.TC_005_AddToCartPageTest" name="test_addToCart" time="2.589"/>
  <testcase classname="testCases.TC_006_EndToEndTest" name="endToendTest" time="42.54"/>
</testsuite> <!-- OpencartTest -->
