<?xml version="1.0" encoding="UTF-8"?>
<testng-results ignored="0" total="5" passed="5" failed="0" skipped="0">
  <reporter-output>
  </reporter-output>
  <suite started-at="2023-09-14T15:59:23 IST" name="OpencartSuite" finished-at="2023-09-14T16:00:37 IST" duration-ms="74064">
    <groups>
      <group name="Master">
        <method signature="TC_001_AccountRegistrationTest.test_account_Registration()[pri:0, instance:testCases.TC_001_AccountRegistrationTest@231f98ef]" name="test_account_Registration" class="testCases.TC_001_AccountRegistrationTest"/>
        <method signature="TC_002_LoginTest.test_login()[pri:0, instance:testCases.TC_002_LoginTest@8462f31]" name="test_login" class="testCases.TC_002_LoginTest"/>
      </group> <!-- Master -->
      <group name="Sanity">
        <method signature="TC_002_LoginTest.test_login()[pri:0, instance:testCases.TC_002_LoginTest@8462f31]" name="test_login" class="testCases.TC_002_LoginTest"/>
      </group> <!-- Sanity -->
      <group name="Regression">
        <method signature="TC_001_AccountRegistrationTest.test_account_Registration()[pri:0, instance:testCases.TC_001_AccountRegistrationTest@231f98ef]" name="test_account_Registration" class="testCases.TC_001_AccountRegistrationTest"/>
      </group> <!-- Regression -->
    </groups>
    <test started-at="2023-09-14T15:59:23 IST" name="OpencartTest" finished-at="2023-09-14T16:00:37 IST" duration-ms="74064">
      <class name="testCases.TC_001_AccountRegistrationTest">
        <test-method is-config="true" signature="setup(java.lang.String)[pri:0, instance:testCases.TC_001_AccountRegistrationTest@231f98ef]" started-at="2023-09-14T15:59:24 IST" name="setup" finished-at="2023-09-14T15:59:31 IST" duration-ms="6916" status="PASS">
          <params>
            <param index="0">
              <value>
                <![CDATA[chrome]]>
              </value>
            </param>
          </params>
          <reporter-output>
          </reporter-output>
        </test-method> <!-- setup -->
        <test-method signature="test_account_Registration()[pri:0, instance:testCases.TC_001_AccountRegistrationTest@231f98ef]" started-at="2023-09-14T15:59:31 IST" name="test_account_Registration" finished-at="2023-09-14T15:59:36 IST" duration-ms="5555" status="PASS">
          <reporter-output>
          </reporter-output>
        </test-method> <!-- test_account_Registration -->
        <test-method is-config="true" signature="tearDown()[pri:0, instance:testCases.TC_001_AccountRegistrationTest@231f98ef]" started-at="2023-09-14T15:59:36 IST" name="tearDown" finished-at="2023-09-14T15:59:37 IST" duration-ms="329" status="PASS">
          <reporter-output>
          </reporter-output>
        </test-method> <!-- tearDown -->
      </class> <!-- testCases.TC_001_AccountRegistrationTest -->
      <class name="testCases.TC_002_LoginTest">
        <test-method is-config="true" signature="setup(java.lang.String)[pri:0, instance:testCases.TC_002_LoginTest@8462f31]" started-at="2023-09-14T15:59:37 IST" name="setup" finished-at="2023-09-14T15:59:39 IST" duration-ms="2482" status="PASS">
          <params>
            <param index="0">
              <value>
                <![CDATA[chrome]]>
              </value>
            </param>
          </params>
          <reporter-output>
          </reporter-output>
        </test-method> <!-- setup -->
        <test-method signature="test_login()[pri:0, instance:testCases.TC_002_LoginTest@8462f31]" started-at="2023-09-14T15:59:39 IST" name="test_login" finished-at="2023-09-14T15:59:42 IST" duration-ms="2283" status="PASS">
          <reporter-output>
          </reporter-output>
        </test-method> <!-- test_login -->
        <test-method is-config="true" signature="tearDown()[pri:0, instance:testCases.TC_002_LoginTest@8462f31]" started-at="2023-09-14T15:59:42 IST" name="tearDown" finished-at="2023-09-14T15:59:42 IST" duration-ms="333" status="PASS">
          <reporter-output>
          </reporter-output>
        </test-method> <!-- tearDown -->
      </class> <!-- testCases.TC_002_LoginTest -->
      <class name="testCases.TC_005_AddToCartPageTest">
        <test-method is-config="true" signature="setup(java.lang.String)[pri:0, instance:testCases.TC_005_AddToCartPageTest@70ed52de]" started-at="2023-09-14T15:59:46 IST" name="setup" finished-at="2023-09-14T15:59:49 IST" duration-ms="2634" status="PASS">
          <params>
            <param index="0">
              <value>
                <![CDATA[chrome]]>
              </value>
            </param>
          </params>
          <reporter-output>
          </reporter-output>
        </test-method> <!-- setup -->
        <test-method signature="test_addToCart()[pri:0, instance:testCases.TC_005_AddToCartPageTest@70ed52de]" started-at="2023-09-14T15:59:49 IST" name="test_addToCart" finished-at="2023-09-14T15:59:51 IST" duration-ms="2589" status="PASS">
          <reporter-output>
          </reporter-output>
        </test-method> <!-- test_addToCart -->
        <test-method is-config="true" signature="tearDown()[pri:0, instance:testCases.TC_005_AddToCartPageTest@70ed52de]" started-at="2023-09-14T15:59:51 IST" name="tearDown" finished-at="2023-09-14T15:59:52 IST" duration-ms="338" status="PASS">
          <reporter-output>
          </reporter-output>
        </test-method> <!-- tearDown -->
      </class> <!-- testCases.TC_005_AddToCartPageTest -->
      <class name="testCases.TC_004_SearchProductTest">
        <test-method is-config="true" signature="setup(java.lang.String)[pri:0, instance:testCases.TC_004_SearchProductTest@5ddeb7cb]" started-at="2023-09-14T15:59:42 IST" name="setup" finished-at="2023-09-14T15:59:44 IST" duration-ms="2451" status="PASS">
          <params>
            <param index="0">
              <value>
                <![CDATA[chrome]]>
              </value>
            </param>
          </params>
          <reporter-output>
          </reporter-output>
        </test-method> <!-- setup -->
        <test-method signature="test_pruductSearch()[pri:0, instance:testCases.TC_004_SearchProductTest@5ddeb7cb]" started-at="2023-09-14T15:59:44 IST" name="test_pruductSearch" finished-at="2023-09-14T15:59:46 IST" duration-ms="1305" status="PASS">
          <reporter-output>
          </reporter-output>
        </test-method> <!-- test_pruductSearch -->
        <test-method is-config="true" signature="tearDown()[pri:0, instance:testCases.TC_004_SearchProductTest@5ddeb7cb]" started-at="2023-09-14T15:59:46 IST" name="tearDown" finished-at="2023-09-14T15:59:46 IST" duration-ms="438" status="PASS">
          <reporter-output>
          </reporter-output>
        </test-method> <!-- tearDown -->
      </class> <!-- testCases.TC_004_SearchProductTest -->
      <class name="testCases.TC_006_EndToEndTest">
        <test-method is-config="true" signature="setup(java.lang.String)[pri:0, instance:testCases.TC_006_EndToEndTest@496bc455]" started-at="2023-09-14T15:59:52 IST" name="setup" finished-at="2023-09-14T15:59:54 IST" duration-ms="2554" status="PASS">
          <params>
            <param index="0">
              <value>
                <![CDATA[chrome]]>
              </value>
            </param>
          </params>
          <reporter-output>
          </reporter-output>
        </test-method> <!-- setup -->
        <test-method signature="endToendTest()[pri:0, instance:testCases.TC_006_EndToEndTest@496bc455]" started-at="2023-09-14T15:59:54 IST" name="endToendTest" finished-at="2023-09-14T16:00:37 IST" duration-ms="42540" status="PASS">
          <reporter-output>
          </reporter-output>
        </test-method> <!-- endToendTest -->
        <test-method is-config="true" signature="tearDown()[pri:0, instance:testCases.TC_006_EndToEndTest@496bc455]" started-at="2023-09-14T16:00:37 IST" name="tearDown" finished-at="2023-09-14T16:00:37 IST" duration-ms="388" status="PASS">
          <reporter-output>
          </reporter-output>
        </test-method> <!-- tearDown -->
      </class> <!-- testCases.TC_006_EndToEndTest -->
    </test> <!-- OpencartTest -->
  </suite> <!-- OpencartSuite -->
</testng-results>
