<?xml version="1.0" encoding="UTF-8"?>
<!-- Generated by org.testng.reporters.JUnitXMLReporter -->
<testsuite ignored="0" hostname="DESKTOP-6QSLMCT" failures="0" tests="5" name="OpencartTest" time="87.249" errors="0" timestamp="2023-09-14T15:55:28 IST">
  <testcase classname="testCases.TC_001_AccountRegistrationTest" name="test_account_Registration" time="5.185"/>
  <testcase classname="testCases.TC_002_LoginTest" name="test_login" time="2.415"/>
  <testcase classname="testCases.TC_004_SearchProductTest" name="test_pruductSearch" time="4.347"/>
  <testcase classname="testCases.TC_005_AddToCartPageTest" name="test_addToCart" time="5.002"/>
  <testcase classname="testCases.TC_006_EndToEndTest" name="endToendTest" time="51.445"/>
</testsuite> <!-- OpencartTest -->
